<?xml version="1.0" encoding="UTF-8"?>
<!-- Generated by org.testng.reporters.JUnitReportReporter -->
<testsuite hostname="DESKTOP-2IQJEQB" failures="0" tests="1" name="test.Kkrtestpage" time="12.120" errors="0" timestamp="2024-09-03T10:38:38 IST" skipped="0">
  <testcase classname="test.Kkrtestpage" name="testValidFormSubmission" time="12.120"/>
</testsuite> <!-- test.Kkrtestpage -->
